[Log] Executing com_includes.plantuml: >> added com.includes to include list.
[Log] Executing cfg_mgr_includes.plantuml: >> added cfg_mgr.includes to include list.
[Log] Executing cml_includes.plantuml: >> added geoml.includes to include list.
[Log] Executing ecu_ctrl_includes.plantuml: >> added ecu_ctrl.includes to include list.
[Log] Executing lsm_geoml_includes.plantuml: >> added lsm_geoml.includes to include list.
[Log] Executing MF_COMMON_includes.plantuml: >> added AP_Common.includes to include list.
[Log] Executing AP_CommonVehSigProvider_includes.plantuml: >> added AP_CommonVehSigProvider.includes to include list.
[Log] Executing AP_HMIHUD_includes.plantuml: >> added AP_HMIHUD.includes to include list.
[Log] Executing AP_HMIREM_includes.plantuml: >> added AP_HMIREM.includes to include list.
[Log] Executing AP_LADMC_includes.plantuml: >> added AP_LADMC.includes to include list.
[Log] Executing AP_LODMC_includes.plantuml: >> added AP_LODMC.includes to include list.
[Log] Executing AP_VehStateSigProvider_includes.plantuml: >> added AP_VehStateSigProvider.includes to include list.
[Log] Executing PDCP_includes.plantuml: >> added PDCP.includes to include list.
[Log] Executing DrvWarnSM_includes.plantuml: >> added MF_DRVWARMSM.includes to include list.
[Log] Executing AP_PARKSM_includes.plantuml: >> added AP_PSM_APP.includes to include list.
[Log] Executing AP_PARKSM_includes.plantuml: >> added AP_CommonVehSigProvider.includes to include list.
[Log] Executing AP_PARKSM_includes.plantuml: >> added AP_Common.includes to include list.
[Log] Executing SI_includes.plantuml: >> added SI.includes to include list.
[Log] Executing SI_includes.plantuml: >> added geoml.includes to include list.
[Log] Executing SI_includes.plantuml: >> added lsm_geoml.includes to include list.
[Log] Executing SI_includes.plantuml: >> added AP_Common.includes to include list.
[Log] Executing AP_PARKSM_Core_includes.plantuml: >> added AP_PSM.includes to include list.
[Log] Executing AP_PARKSM_Core_includes.plantuml: >> added lsm_geoml.includes to include list.
[Log] Executing AP_TRJPLA_includes.plantuml: >> added AP_TP.includes to include list.
[Log] Executing AP_TRJPLA_includes.plantuml: >> added lsm_geoml.includes to include list.
[Log] Executing AP_TRJPLA_includes.plantuml: >> added AP_Common.includes to include list.
[Log] Executing AP_TRJCTL_includes.plantuml: >> added AP_TRJCTL.includes to include list.
[Log] Executing AP_TRJCTL_includes.plantuml: >> added AP_CommonVehSigProvider.includes to include list.
[Log] Executing LSM_VEDODO_includes.plantuml: >> added LSM_VEDODO.includes to include list.
[Log] Executing tce_includes.plantuml: >> added tce.includes to include list.
[Log] Executing MF_Manager_includes.plantuml: >> added MF_MANAGER.includes to include list.
[Log] Executing MF_LSCA_includes.plantuml: >> added MF_LSCA.includes to include list.
[Log] Executing MF_LSCA_includes.plantuml: >> added geoml.includes to include list.
[Log] Executing MF_LVMD_includes.plantuml: >> added MF_LVMD.includes to include list.
[Log] Executing MFHMIHandler_includes.plantuml: >> added MF_HMIH.includes to include list.
[Log] Executing MFHMIHandler_includes.plantuml: >> added MF_WhlProtectProc.includes to include list.
[Log] Executing MFHMIHandler_includes.plantuml: >> added PDCP.includes to include list.
[Log] Executing MFHMIHandler_includes.plantuml: >> added MF_DRVWARMSM.includes to include list.
[Log] Executing MFHMIHandler_includes.plantuml: >> added AP_CommonVehSigProvider.includes to include list.
[Log] Executing MFHMIHandler_includes.plantuml: >> added AP_PSM_APP.includes to include list.
[Log] Executing MFHMIHandler_includes.plantuml: >> added AP_Common.includes to include list.
[Log] Executing MFHMIHandler_includes.plantuml: >> added AP_HMIHUD.includes to include list.
[Log] Executing MFHMIHandler_includes.plantuml: >> added MF_LVMD.includes to include list.
[Log] Executing MFHMIHandler_includes.plantuml: >> added MF_LSCA.includes to include list.
[Log] Executing MFHMIHandler_includes.plantuml: >> added geoml.includes to include list.
[Log] Executing MFHMIHandler_includes.plantuml: >> added lsm_geoml.includes to include list.
[Log] Executing MFHMIHandler_includes.plantuml: >> added MF_MemPark.includes to include list.
[Log] Executing MFHMIHandler_includes.plantuml: >> added AP_TP.includes to include list.
[Log] Executing DrvWarnSMCore_includes.plantuml: >> added MF_DRVWARMSMCORE.includes to include list.
[Log] Executing MF_ToneHandler_includes.plantuml: >> added MF_ToneHandler.includes to include list.
[Log] Executing MemPark_includes.plantuml: >> added MF_MemPark.includes to include list.
[Log] Executing MemPark_includes.plantuml: >> added lsm_geoml.includes to include list.
[Log] Executing Viewcontroller_includes.plantuml: >> added lsm_geoml.includes to include list.
[Log] Executing Viewcontroller_includes.plantuml: >> added Viewcontroller.includes to include list.
[Log] Executing MF_WhlProtectProc_includes.plantuml: >> added MF_WhlProtectProc.includes to include list.
[Log] Executing US_DRV_includes.plantuml: >> added US_DRV.includes to include list.
[Log] Executing US_PROCESSING_includes.plantuml: >> added US_PROCESSING.includes to include list.
[Log] Executing US_EM_includes.plantuml: >> added US_EM.includes to include list.
[Log] Executing US_EM_includes.plantuml: >> added geoml.includes to include list.
[Log] Executing US_EM_includes.plantuml: >> added lsm_geoml.includes to include list.
[Log] Executing plp_hpsd.plantuml: >> added PLP_HPSD_TYPES.includes to include list.
[Log] Executing avga_swc_includes.plantuml: >> added AVGA_SWC.includes to include list.
