APPLICATION	Car_Generic &lt;insert.your.version.no&gt; #35 (win64-8.1.2)
COMPILED	uib55280@frlaabww 2024-02-06 14:02:47
FIRST_INIT	(internal default used)	2024-02-06 14:41:14
TIME	0.000
		SWSwitch: DEBUG-OPTION DISABLED

ERROR		No entry 'DebugOpt_USP', file 'Data/Sensor/vCUS_Parameterset'
		SWSwitch: USER FILE FOR vCUS FIRE SCHEME ENABELD
		
The read map FireSchemeMap0 is as follows...
		x-Dir: FireSamples
		y-Dir: Sensors

		13 25 35 17 28 40 46 31 
		50 21 47 41 30 50 24 12 
		37 19 31 23 16 40 33 12 
		31 46 23 16 49 40 49 24 
		30 46 22 34 23 11 26 43 
		22 34 13 38 15 49 17 40 
		16 41 45 29 24 15 19 31 
		32 21 14 29 46 40 29 49 
		40 15 33 40 45 17 49 31 
		15 27 33 11 44 48 10 33 
		29 15 36 18 40 46 28 37 
		19 28 50 43 37 23 13 26 
		
		Selected Path for Sensor Characterisitc File Name
 'vCUS_SensorCharacteristic_default'
		Number of entries: 37 x 37
SIM_ABORT		0s	0m
IDLE	14:41:15
		
ERROR		FATAL ERROR - Application stopped
		Eliminate the error and restart the application
SHUTDOWN	CarMaker quick shutdown initiated

