[Log] Executing com_includes.plantuml: >> added com.includes to include list.
[Log] Executing cfg_mgr_includes.plantuml: >> added cfg_mgr.includes to include list.
[Log] Executing cml_includes.plantuml: >> added geoml.includes to include list.
[Log] Executing ecu_ctrl_includes.plantuml: >> added ecu_ctrl.includes to include list.
[Log] Executing lsm_geoml_includes.plantuml: >> added lsm_geoml.includes to include list.
[Log] Executing MF_COMMON_includes.plantuml: >> added AP_Common.includes to include list.
[Log] Executing AP_CommonVehSigProvider_includes.plantuml: >> added AP_CommonVehSigProvider.includes to include list.
[Log] Executing AP_HMIHUD_includes.plantuml: >> added AP_HMIHUD.includes to include list.
[Log] Executing AP_HMIREM_includes.plantuml: >> added AP_HMIREM.includes to include list.
[Log] Executing AP_LADMC_includes.plantuml: >> added AP_LADMC.includes to include list.
[Log] Executing AP_LODMC_includes.plantuml: >> added AP_LODMC.includes to include list.
[Log] Executing AP_VehStateSigProvider_includes.plantuml: >> added AP_VehStateSigProvider.includes to include list.
[Log] Executing PDCP_includes.plantuml: >> added PDCP.includes to include list.
[Log] Executing DrvWarnSM_includes.plantuml: >> added MF_DRVWARMSM.includes to include list.
[Log] Executing AP_PARKSM_includes.plantuml: >> added AP_PSM_APP.includes to include list.
[Log] Executing AP_PARKSM_includes.plantuml: >> added AP_CommonVehSigProvider.includes to include list.
[Log] Executing AP_PARKSM_includes.plantuml: >> added AP_Common.includes to include list.
[Log] Executing SI_includes.plantuml: >> added SI.includes to include list.
[Log] Executing SI_includes.plantuml: >> added geoml.includes to include list.
[Log] Executing SI_includes.plantuml: >> added lsm_geoml.includes to include list.
[Log] Executing SI_includes.plantuml: >> added AP_Common.includes to include list.
[Log] Executing AP_PARKSM_Core_includes.plantuml: >> added AP_PSM.includes to include list.
[Log] Executing AP_PARKSM_Core_includes.plantuml: >> added lsm_geoml.includes to include list.
[Log] Executing AP_TRJPLA_includes.plantuml: >> added AP_TP.includes to include list.
[Log] Executing AP_TRJPLA_includes.plantuml: >> added lsm_geoml.includes to include list.
[Log] Executing AP_TRJPLA_includes.plantuml: >> added AP_Common.includes to include list.
[Log] Executing AP_TRJCTL_includes.plantuml: >> added AP_TRJCTL.includes to include list.
[Log] Executing AP_TRJCTL_includes.plantuml: >> added AP_CommonVehSigProvider.includes to include list.
[Log] Executing LSM_VEDODO_includes.plantuml: >> added LSM_VEDODO.includes to include list.
[Log] Executing tce_includes.plantuml: >> added tce.includes to include list.
[Log] Executing MF_Manager_includes.plantuml: >> added MF_MANAGER.includes to include list.
[Log] Executing MF_LSCA_includes.plantuml: >> added MF_LSCA.includes to include list.
[Log] Executing MF_LSCA_includes.plantuml: >> added geoml.includes to include list.
[Log] Executing MF_LVMD_includes.plantuml: >> added MF_LVMD.includes to include list.
[Log] Executing MFHMIHandler_includes.plantuml: >> added MF_HMIH.includes to include list.
[Log] Executing MFHMIHandler_includes.plantuml: >> added MF_WhlProtectProc.includes to include list.
[Log] Executing MFHMIHandler_includes.plantuml: >> added PDCP.includes to include list.
[Log] Executing MFHMIHandler_includes.plantuml: >> added MF_DRVWARMSM.includes to include list.
[Log] Executing MFHMIHandler_includes.plantuml: >> added AP_CommonVehSigProvider.includes to include list.
[Log] Executing MFHMIHandler_includes.plantuml: >> added AP_PSM_APP.includes to include list.
[Log] Executing MFHMIHandler_includes.plantuml: >> added AP_Common.includes to include list.
[Log] Executing MFHMIHandler_includes.plantuml: >> added AP_HMIHUD.includes to include list.
[Log] Executing MFHMIHandler_includes.plantuml: >> added MF_LVMD.includes to include list.
[Log] Executing MFHMIHandler_includes.plantuml: >> added MF_LSCA.includes to include list.
[Log] Executing MFHMIHandler_includes.plantuml: >> added geoml.includes to include list.
[Log] Executing MFHMIHandler_includes.plantuml: >> added lsm_geoml.includes to include list.
[Log] Executing MFHMIHandler_includes.plantuml: >> added MF_MemPark.includes to include list.
[Log] Executing MFHMIHandler_includes.plantuml: >> added AP_TP.includes to include list.
[Log] Executing DrvWarnSMCore_includes.plantuml: >> added MF_DRVWARMSMCORE.includes to include list.
[Log] Executing MF_ToneHandler_includes.plantuml: >> added MF_ToneHandler.includes to include list.
[Log] Executing MemPark_includes.plantuml: >> added MF_MemPark.includes to include list.
[Log] Executing MemPark_includes.plantuml: >> added lsm_geoml.includes to include list.
[Log] Executing Viewcontroller_includes.plantuml: >> added lsm_geoml.includes to include list.
[Log] Executing Viewcontroller_includes.plantuml: >> added Viewcontroller.includes to include list.
[Log] Executing MF_WhlProtectProc_includes.plantuml: >> added MF_WhlProtectProc.includes to include list.
[Log] Executing US_DRV_includes.plantuml: >> added US_DRV.includes to include list.
[Log] Executing US_PROCESSING_includes.plantuml: >> added US_PROCESSING.includes to include list.
[Log] Executing US_EM_includes.plantuml: >> added US_EM.includes to include list.
[Log] Executing US_EM_includes.plantuml: >> added geoml.includes to include list.
[Log] Executing US_EM_includes.plantuml: >> added lsm_geoml.includes to include list.
[Log] Executing plp_hpsd.plantuml: >> added PLP_HPSD_TYPES.includes to include list.
[Log] Executing avga_swc_includes.plantuml: >> added AVGA_SWC.includes to include list.

Cobolt 2.0 - Template based code generation (JAR version from 07.12.23 13:07)

10:14:21.207: Info: Processing config: D:\FFL_Closed_loop\mf_sil\conan_workarea\h\be22c1aef4d90e3a0b6d3e47b4a92643\config\config_interface.xml
10:14:21.222: Info: -- Running Workstep 1/2() --

10:14:21.253: Info: Schema validation agains schema 'D:\.bbs_conan\c029a0\1\codegen\xsd\xmi.xsd'
10:14:21.269: Info:   'D:\FFL_Closed_loop\mf_sil\conan_workarea\h\be22c1aef4d90e3a0b6d3e47b4a92643\xmi\chunk_0\framework_types.xmi': OK
10:14:21.296: Info:   'D:\FFL_Closed_loop\mf_sil\conan_workarea\h\be22c1aef4d90e3a0b6d3e47b4a92643\xmi\chunk_0\com_includes.xmi': OK
10:14:21.310: Info:   'D:\FFL_Closed_loop\mf_sil\conan_workarea\h\be22c1aef4d90e3a0b6d3e47b4a92643\xmi\chunk_0\cfg_mgr_includes.xmi': OK
10:14:21.311: Info:   'D:\FFL_Closed_loop\mf_sil\conan_workarea\h\be22c1aef4d90e3a0b6d3e47b4a92643\xmi\chunk_0\cml_includes.xmi': OK
10:14:21.320: Info:   'D:\FFL_Closed_loop\mf_sil\conan_workarea\h\be22c1aef4d90e3a0b6d3e47b4a92643\xmi\chunk_0\ecu_ctrl_includes.xmi': OK
10:14:21.322: Info:   'D:\FFL_Closed_loop\mf_sil\conan_workarea\h\be22c1aef4d90e3a0b6d3e47b4a92643\xmi\chunk_0\lsm_geoml_includes.xmi': OK
10:14:21.332: Info:   'D:\FFL_Closed_loop\mf_sil\conan_workarea\h\be22c1aef4d90e3a0b6d3e47b4a92643\xmi\chunk_0\MF_COMMON_includes.xmi': OK
10:14:21.347: Info:   'D:\FFL_Closed_loop\mf_sil\conan_workarea\h\be22c1aef4d90e3a0b6d3e47b4a92643\xmi\chunk_0\AP_CommonVehSigProvider_includes.xmi': OK
10:14:21.347: Info:   'D:\FFL_Closed_loop\mf_sil\conan_workarea\h\be22c1aef4d90e3a0b6d3e47b4a92643\xmi\chunk_0\AP_HMIHUD_includes.xmi': OK
10:14:21.363: Info:   'D:\FFL_Closed_loop\mf_sil\conan_workarea\h\be22c1aef4d90e3a0b6d3e47b4a92643\xmi\chunk_0\AP_HMIREM_includes.xmi': OK
10:14:21.363: Info:   'D:\FFL_Closed_loop\mf_sil\conan_workarea\h\be22c1aef4d90e3a0b6d3e47b4a92643\xmi\chunk_0\AP_LADMC_includes.xmi': OK
10:14:21.363: Info:   'D:\FFL_Closed_loop\mf_sil\conan_workarea\h\be22c1aef4d90e3a0b6d3e47b4a92643\xmi\chunk_0\AP_LODMC_includes.xmi': OK
10:14:21.378: Info:   'D:\FFL_Closed_loop\mf_sil\conan_workarea\h\be22c1aef4d90e3a0b6d3e47b4a92643\xmi\chunk_0\AP_VehStateSigProvider_includes.xmi': OK
10:14:21.394: Info:   'D:\FFL_Closed_loop\mf_sil\conan_workarea\h\be22c1aef4d90e3a0b6d3e47b4a92643\xmi\chunk_0\PDCP_includes.xmi': OK
10:14:21.394: Info:   'D:\FFL_Closed_loop\mf_sil\conan_workarea\h\be22c1aef4d90e3a0b6d3e47b4a92643\xmi\chunk_0\DrvWarnSM_includes.xmi': OK
10:14:21.409: Info:   'D:\FFL_Closed_loop\mf_sil\conan_workarea\h\be22c1aef4d90e3a0b6d3e47b4a92643\xmi\chunk_0\AP_PARKSM_includes.xmi': OK
10:14:21.440: Info:   'D:\FFL_Closed_loop\mf_sil\conan_workarea\h\be22c1aef4d90e3a0b6d3e47b4a92643\xmi\chunk_0\SI_includes.xmi': OK
10:14:21.440: Info:   'D:\FFL_Closed_loop\mf_sil\conan_workarea\h\be22c1aef4d90e3a0b6d3e47b4a92643\xmi\chunk_0\AP_PARKSM_Core_includes.xmi': OK
10:14:21.472: Info:   'D:\FFL_Closed_loop\mf_sil\conan_workarea\h\be22c1aef4d90e3a0b6d3e47b4a92643\xmi\chunk_0\AP_TRJPLA_includes.xmi': OK
10:14:21.487: Info:   'D:\FFL_Closed_loop\mf_sil\conan_workarea\h\be22c1aef4d90e3a0b6d3e47b4a92643\xmi\chunk_0\AP_TRJCTL_includes.xmi': OK
10:14:21.495: Info:   'D:\FFL_Closed_loop\mf_sil\conan_workarea\h\be22c1aef4d90e3a0b6d3e47b4a92643\xmi\chunk_0\LSM_VEDODO_includes.xmi': OK
10:14:21.500: Info:   'D:\FFL_Closed_loop\mf_sil\conan_workarea\h\be22c1aef4d90e3a0b6d3e47b4a92643\xmi\chunk_0\tce_includes.xmi': OK
10:14:21.505: Info:   'D:\FFL_Closed_loop\mf_sil\conan_workarea\h\be22c1aef4d90e3a0b6d3e47b4a92643\xmi\chunk_0\MF_Manager_includes.xmi': OK
10:14:21.515: Info:   'D:\FFL_Closed_loop\mf_sil\conan_workarea\h\be22c1aef4d90e3a0b6d3e47b4a92643\xmi\chunk_0\MF_LSCA_includes.xmi': OK
10:14:21.520: Info:   'D:\FFL_Closed_loop\mf_sil\conan_workarea\h\be22c1aef4d90e3a0b6d3e47b4a92643\xmi\chunk_0\MF_LVMD_includes.xmi': OK
10:14:21.550: Info:   'D:\FFL_Closed_loop\mf_sil\conan_workarea\h\be22c1aef4d90e3a0b6d3e47b4a92643\xmi\chunk_0\MFHMIHandler_includes.xmi': OK
10:14:21.550: Info:   'D:\FFL_Closed_loop\mf_sil\conan_workarea\h\be22c1aef4d90e3a0b6d3e47b4a92643\xmi\chunk_0\DrvWarnSMCore_includes.xmi': OK
10:14:21.550: Info:   'D:\FFL_Closed_loop\mf_sil\conan_workarea\h\be22c1aef4d90e3a0b6d3e47b4a92643\xmi\chunk_0\MF_ToneHandler_includes.xmi': OK
10:14:21.550: Info:   'D:\FFL_Closed_loop\mf_sil\conan_workarea\h\be22c1aef4d90e3a0b6d3e47b4a92643\xmi\chunk_0\MemPark_includes.xmi': OK
10:14:21.565: Info:   'D:\FFL_Closed_loop\mf_sil\conan_workarea\h\be22c1aef4d90e3a0b6d3e47b4a92643\xmi\chunk_0\Viewcontroller_includes.xmi': OK
10:14:21.565: Info:   'D:\FFL_Closed_loop\mf_sil\conan_workarea\h\be22c1aef4d90e3a0b6d3e47b4a92643\xmi\chunk_0\MF_WhlProtectProc_includes.xmi': OK
10:14:21.565: Info:   'D:\FFL_Closed_loop\mf_sil\conan_workarea\h\be22c1aef4d90e3a0b6d3e47b4a92643\xmi\chunk_0\US_DRV_includes.xmi': OK
10:14:21.565: Info:   'D:\FFL_Closed_loop\mf_sil\conan_workarea\h\be22c1aef4d90e3a0b6d3e47b4a92643\xmi\chunk_0\US_PROCESSING_includes.xmi': OK
10:14:21.581: Info:   'D:\FFL_Closed_loop\mf_sil\conan_workarea\h\be22c1aef4d90e3a0b6d3e47b4a92643\xmi\chunk_0\US_EM_includes.xmi': OK
10:14:21.581: Info:   'D:\FFL_Closed_loop\mf_sil\conan_workarea\h\be22c1aef4d90e3a0b6d3e47b4a92643\xmi\chunk_0\plp_hpsd.xmi': OK
10:14:21.581: Info:   'D:\FFL_Closed_loop\mf_sil\conan_workarea\h\be22c1aef4d90e3a0b6d3e47b4a92643\xmi\chunk_0\avga_swc_includes.xmi': OK
10:14:21.581: Info: Input validation took  0.359 sec

10:14:22.847: Info: Execution took  1.266 sec

10:14:22.847: Info: -- Workstep 1/2() finished --
10:14:22.847: Info: -- Running Workstep 2/2() --

10:14:22.941: Info: Schema validation: 'D:\FFL_Closed_loop\mf_sil\conan_workarea\h\be22c1aef4d90e3a0b6d3e47b4a92643\temporary\component_interface_aggregate.xmi'
                      complies to schema 'D:\.bbs_conan\c029a0\1\codegen\xsd\xmi.xsd'
10:14:22.941: Info: Input validation took  0.94 sec

10:14:22.941: Info: Processing 22 templates
10:14:22.941: Info: Working with 8 threads

----------------------------------------------------------------
10:14:23.093: Info: Parsing D:\.bbs_conan\c029a0\1\codegen\templates\interface\adapter.template
10:14:23.206: Info: Parsing done (took  0.114 sec)

10:14:23.206: Info: Generating
10:14:23.269: Info: Generation (0 files) done (took  0.63 sec)

10:14:23.273: Info: 143 of 1320 (10.83 %) Elements were used in Generation
----------------------------------------------------------------
10:14:23.232: Info: Parsing D:\.bbs_conan\c029a0\1\codegen\templates\interface\callback.h.template
10:14:23.259: Info: Parsing done (took  0.27 sec)

10:14:23.259: Info: Generating
10:14:23.331: Info: Generation (0 files) done (took  0.72 sec)

10:14:23.331: Info: 158 of 1504 (10.51 %) Elements were used in Generation
----------------------------------------------------------------
10:14:23.362: Info: Parsing D:\.bbs_conan\c029a0\1\codegen\templates\interface\interface.h.template
10:14:23.378: Info: Parsing done (took  0.16 sec)

10:14:23.378: Info: Generating
10:14:23.429: Info: Generation (0 files) done (took  0.51 sec)

10:14:23.430: Info: 163 of 1452 (11.23 %) Elements were used in Generation
----------------------------------------------------------------
10:14:23.472: Info: Parsing D:\.bbs_conan\c029a0\1\codegen\templates\interface\dynamic_configuration.h.template
10:14:23.503: Info: Parsing done (took  0.31 sec)

10:14:23.503: Info: Generating
10:14:23.519: Info: Generation (0 files) done (took  0.16 sec)

10:14:23.519: Info: 143 of 1313 (10.89 %) Elements were used in Generation
----------------------------------------------------------------
10:14:23.579: Info: Parsing D:\.bbs_conan\c029a0\1\codegen\templates\interface\execution_configuration.h.template
10:14:23.606: Info: Parsing done (took  0.27 sec)

10:14:23.606: Info: Generating
10:14:23.628: Info: Generation (0 files) done (took  0.22 sec)

10:14:23.628: Info: 143 of 1313 (10.89 %) Elements were used in Generation
----------------------------------------------------------------
10:14:23.690: Info: Parsing D:\.bbs_conan\c029a0\1\codegen\templates\interface\inter_cycle_memory.h.template
10:14:23.722: Info: Parsing done (took  0.32 sec)

10:14:23.722: Info: Generating
10:14:23.753: Info: Generation (0 files) done (took  0.31 sec)

10:14:23.754: Info: 159 of 1400 (11.36 %) Elements were used in Generation
----------------------------------------------------------------
10:14:23.814: Info: Parsing D:\.bbs_conan\c029a0\1\codegen\templates\interface\debug_callback.h.template
10:14:23.831: Info: Parsing done (took  0.17 sec)

10:14:23.831: Info: Generating
10:14:23.862: Info: Generation (0 files) done (took  0.31 sec)

10:14:23.862: Info: 158 of 1393 (11.34 %) Elements were used in Generation
----------------------------------------------------------------
10:14:23.925: Info: Parsing D:\.bbs_conan\c029a0\1\codegen\templates\interface\debug_interface.h.template
10:14:23.956: Info: Parsing done (took  0.31 sec)

10:14:23.956: Info: Generating
10:14:23.972: Info: Generation (0 files) done (took  0.16 sec)

10:14:23.972: Info: 143 of 1313 (10.89 %) Elements were used in Generation
----------------------------------------------------------------
10:14:24.019: Info: Parsing D:\.bbs_conan\c029a0\1\codegen\templates\interface\debug_info.h.template
10:14:24.050: Info: Parsing done (took  0.31 sec)

10:14:24.050: Info: Generating
10:14:24.081: Info: Generation (0 files) done (took  0.31 sec)

10:14:24.081: Info: 143 of 1316 (10.87 %) Elements were used in Generation
----------------------------------------------------------------
10:14:24.136: Info: Parsing D:\.bbs_conan\c029a0\1\codegen\templates\interface\buffer_access.h.template
10:14:24.159: Info: Parsing done (took  0.23 sec)

10:14:24.159: Info: Generating
10:14:24.190: Info: Generation (0 files) done (took  0.31 sec)

10:14:24.190: Info: 158 of 1385 (11.41 %) Elements were used in Generation
----------------------------------------------------------------
10:14:24.253: Info: Parsing D:\.bbs_conan\c029a0\1\codegen\templates\interface\custom_callback.h.template
10:14:24.269: Info: Parsing done (took  0.16 sec)

10:14:24.269: Info: Generating
10:14:24.303: Info: Generation (0 files) done (took  0.34 sec)

10:14:24.303: Info: 158 of 1475 (10.71 %) Elements were used in Generation
----------------------------------------------------------------
10:14:24.363: Info: Parsing D:\.bbs_conan\c029a0\1\codegen\templates\interface\custom_interface.h.template
10:14:24.394: Info: Parsing done (took  0.31 sec)

10:14:24.394: Info: Generating
10:14:24.424: Info: Generation (0 files) done (took  0.30 sec)

10:14:24.424: Info: 158 of 1424 (11.10 %) Elements were used in Generation
----------------------------------------------------------------
10:14:24.470: Info: Parsing D:\.bbs_conan\c029a0\1\codegen\templates\interface_c\interface_c.h.template
10:14:24.495: Info: Parsing done (took  0.25 sec)

10:14:24.495: Info: Generating
10:14:24.534: Info: Generation (0 files) done (took  0.39 sec)

10:14:24.534: Info: 160 of 1407 (11.37 %) Elements were used in Generation
----------------------------------------------------------------
10:14:24.581: Info: Parsing D:\.bbs_conan\c029a0\1\codegen\templates\interface_c\interface_array_struct_c.template
10:14:24.581: Info: Parsing done (took  0 sec)

10:14:24.581: Info: Generating
10:14:24.612: Info: Generation (0 files) done (took  0.31 sec)

10:14:24.612: Info: 3 of 62 (4.84 %) Elements were used in Generation
----------------------------------------------------------------
10:14:24.675: Info: Parsing D:\.bbs_conan\c029a0\1\codegen\templates\interface_c\inter_cycle_memory_c.h.template
10:14:24.706: Info: Parsing done (took  0.31 sec)

10:14:24.706: Info: Generating
10:14:24.722: Info: Generation (0 files) done (took  0.16 sec)

10:14:24.722: Info: 158 of 1430 (11.05 %) Elements were used in Generation
----------------------------------------------------------------
10:14:24.769: Info: Parsing D:\.bbs_conan\c029a0\1\codegen\templates\mock\arguments\arguments_mock.h.template
10:14:24.797: Info: Parsing done (took  0.28 sec)

10:14:24.797: Info: Generating
10:14:24.814: Info: Generation (0 files) done (took  0.17 sec)

10:14:24.814: Info: 143 of 1323 (10.81 %) Elements were used in Generation
----------------------------------------------------------------
10:14:24.878: Info: Parsing D:\.bbs_conan\c029a0\1\codegen\templates\mock\callback\callback_mock.h.template
10:14:24.909: Info: Parsing done (took  0.31 sec)

10:14:24.909: Info: Generating
10:14:24.925: Info: Generation (0 files) done (took  0.16 sec)

10:14:24.925: Info: 143 of 1366 (10.47 %) Elements were used in Generation
----------------------------------------------------------------
10:14:25.004: Info: Parsing D:\.bbs_conan\c029a0\1\codegen\templates\mock\callback\callback_mock.h.adapter.template
10:14:25.035: Info: Parsing done (took  0.31 sec)

10:14:25.035: Info: Generating
10:14:25.050: Info: Generation (0 files) done (took  0.15 sec)

10:14:25.050: Info: 143 of 1310 (10.92 %) Elements were used in Generation
----------------------------------------------------------------
10:14:25.113: Info: Parsing D:\.bbs_conan\c029a0\1\codegen\templates\mock\debug\debug.template
10:14:25.167: Info: Parsing done (took  0.54 sec)

10:14:25.167: Info: Generating
10:14:25.183: Info: Generation (0 files) done (took  0.16 sec)

10:14:25.183: Info: 148 of 1357 (10.91 %) Elements were used in Generation
----------------------------------------------------------------
10:14:25.207: Info: Parsing D:\.bbs_conan\c029a0\1\codegen\templates\mock\legacy\CMakeLists.txt.template
10:14:25.253: Info: Parsing done (took  0.46 sec)

10:14:25.253: Info: Generating
10:14:25.269: Info: Generation (1 files) done (took  0.16 sec)

10:14:25.269: Info: 146 of 1311 (11.14 %) Elements were used in Generation
----------------------------------------------------------------
10:14:25.300: Info: Parsing D:\.bbs_conan\c029a0\1\codegen\templates\mock\legacy\interface_mock.h.template
10:14:25.346: Info: Parsing done (took  0.46 sec)

10:14:25.346: Info: Generating
10:14:25.360: Info: Generation (0 files) done (took  0.14 sec)

10:14:25.360: Info: 143 of 1327 (10.78 %) Elements were used in Generation
----------------------------------------------------------------
10:14:25.394: Info: Parsing D:\.bbs_conan\c029a0\1\codegen\templates\interface\static_configuration.h.template
10:14:25.441: Info: Parsing done (took  0.47 sec)

10:14:25.441: Info: Generating
10:14:25.472: Info: Generation (0 files) done (took  0.31 sec)

10:14:25.472: Info: 163 of 1411 (11.55 %) Elements were used in Generation
10:14:25.472: Info: Execution took  2.531 sec

10:14:25.472: Info: -- Workstep 2/2() finished --
10:14:25.472: Info: -- All worksteps done --

